{"total": {"lines":{"total":315,"covered":113,"skipped":0,"pct":35.87},"statements":{"total":326,"covered":114,"skipped":0,"pct":34.96},"functions":{"total":114,"covered":23,"skipped":0,"pct":20.17},"branches":{"total":112,"covered":29,"skipped":0,"pct":25.89},"branchesTrue":{"total":0,"covered":0,"skipped":0,"pct":100}}
,"/Users/learnacademy/Desktop/Capstone/frontend/src/App.js": {"lines":{"total":56,"covered":13,"skipped":0,"pct":23.21},"functions":{"total":30,"covered":1,"skipped":0,"pct":3.33},"statements":{"total":57,"covered":13,"skipped":0,"pct":22.8},"branches":{"total":10,"covered":0,"skipped":0,"pct":0}}
,"/Users/learnacademy/Desktop/Capstone/frontend/src/index.js": {"lines":{"total":2,"covered":0,"skipped":0,"pct":0},"functions":{"total":0,"covered":0,"skipped":0,"pct":100},"statements":{"total":2,"covered":0,"skipped":0,"pct":0},"branches":{"total":0,"covered":0,"skipped":0,"pct":100}}
,"/Users/learnacademy/Desktop/Capstone/frontend/src/mockGames.js": {"lines":{"total":1,"covered":1,"skipped":0,"pct":100},"functions":{"total":0,"covered":0,"skipped":0,"pct":100},"statements":{"total":1,"covered":1,"skipped":0,"pct":100},"branches":{"total":0,"covered":0,"skipped":0,"pct":100}}
,"/Users/learnacademy/Desktop/Capstone/frontend/src/mockUsers.js": {"lines":{"total":1,"covered":0,"skipped":0,"pct":0},"functions":{"total":0,"covered":0,"skipped":0,"pct":100},"statements":{"total":1,"covered":0,"skipped":0,"pct":0},"branches":{"total":0,"covered":0,"skipped":0,"pct":100}}
,"/Users/learnacademy/Desktop/Capstone/frontend/src/reportWebVitals.js": {"lines":{"total":8,"covered":0,"skipped":0,"pct":0},"functions":{"total":2,"covered":0,"skipped":0,"pct":0},"statements":{"total":8,"covered":0,"skipped":0,"pct":0},"branches":{"total":4,"covered":0,"skipped":0,"pct":0}}
,"/Users/learnacademy/Desktop/Capstone/frontend/src/components/Footer.js": {"lines":{"total":2,"covered":2,"skipped":0,"pct":100},"functions":{"total":1,"covered":1,"skipped":0,"pct":100},"statements":{"total":2,"covered":2,"skipped":0,"pct":100},"branches":{"total":0,"covered":0,"skipped":0,"pct":100}}
,"/Users/learnacademy/Desktop/Capstone/frontend/src/components/Header.js": {"lines":{"total":21,"covered":14,"skipped":0,"pct":66.66},"functions":{"total":8,"covered":4,"skipped":0,"pct":50},"statements":{"total":22,"covered":14,"skipped":0,"pct":63.63},"branches":{"total":6,"covered":3,"skipped":0,"pct":50}}
,"/Users/learnacademy/Desktop/Capstone/frontend/src/components/Search.js": {"lines":{"total":8,"covered":0,"skipped":0,"pct":0},"functions":{"total":3,"covered":0,"skipped":0,"pct":0},"statements":{"total":8,"covered":0,"skipped":0,"pct":0},"branches":{"total":2,"covered":0,"skipped":0,"pct":0}}
,"/Users/learnacademy/Desktop/Capstone/frontend/src/components/SearchComponent.js": {"lines":{"total":37,"covered":12,"skipped":0,"pct":32.43},"functions":{"total":12,"covered":1,"skipped":0,"pct":8.33},"statements":{"total":37,"covered":12,"skipped":0,"pct":32.43},"branches":{"total":0,"covered":0,"skipped":0,"pct":100}}
,"/Users/learnacademy/Desktop/Capstone/frontend/src/components/WhacADev.js": {"lines":{"total":38,"covered":1,"skipped":0,"pct":2.63},"functions":{"total":10,"covered":0,"skipped":0,"pct":0},"statements":{"total":39,"covered":1,"skipped":0,"pct":2.56},"branches":{"total":26,"covered":0,"skipped":0,"pct":0}}
,"/Users/learnacademy/Desktop/Capstone/frontend/src/pages/AboutUs.js": {"lines":{"total":4,"covered":1,"skipped":0,"pct":25},"functions":{"total":2,"covered":0,"skipped":0,"pct":0},"statements":{"total":4,"covered":1,"skipped":0,"pct":25},"branches":{"total":6,"covered":0,"skipped":0,"pct":0}}
,"/Users/learnacademy/Desktop/Capstone/frontend/src/pages/CRod.js": {"lines":{"total":2,"covered":1,"skipped":0,"pct":50},"functions":{"total":1,"covered":0,"skipped":0,"pct":0},"statements":{"total":2,"covered":1,"skipped":0,"pct":50},"branches":{"total":0,"covered":0,"skipped":0,"pct":100}}
,"/Users/learnacademy/Desktop/Capstone/frontend/src/pages/GameEdit.js": {"lines":{"total":17,"covered":14,"skipped":0,"pct":82.35},"functions":{"total":6,"covered":4,"skipped":0,"pct":66.66},"statements":{"total":18,"covered":14,"skipped":0,"pct":77.77},"branches":{"total":10,"covered":7,"skipped":0,"pct":70}}
,"/Users/learnacademy/Desktop/Capstone/frontend/src/pages/GameIndex.js": {"lines":{"total":41,"covered":24,"skipped":0,"pct":58.53},"functions":{"total":13,"covered":5,"skipped":0,"pct":38.46},"statements":{"total":43,"covered":24,"skipped":0,"pct":55.81},"branches":{"total":12,"covered":7,"skipped":0,"pct":58.33}}
,"/Users/learnacademy/Desktop/Capstone/frontend/src/pages/GameNew.js": {"lines":{"total":16,"covered":9,"skipped":0,"pct":56.25},"functions":{"total":6,"covered":2,"skipped":0,"pct":33.33},"statements":{"total":18,"covered":9,"skipped":0,"pct":50},"branches":{"total":20,"covered":7,"skipped":0,"pct":35}}
,"/Users/learnacademy/Desktop/Capstone/frontend/src/pages/GameProtectedIndex.js": {"lines":{"total":7,"covered":1,"skipped":0,"pct":14.28},"functions":{"total":4,"covered":0,"skipped":0,"pct":0},"statements":{"total":9,"covered":1,"skipped":0,"pct":11.11},"branches":{"total":5,"covered":0,"skipped":0,"pct":0}}
,"/Users/learnacademy/Desktop/Capstone/frontend/src/pages/GameShow.js": {"lines":{"total":17,"covered":12,"skipped":0,"pct":70.58},"functions":{"total":7,"covered":4,"skipped":0,"pct":57.14},"statements":{"total":18,"covered":13,"skipped":0,"pct":72.22},"branches":{"total":9,"covered":5,"skipped":0,"pct":55.55}}
,"/Users/learnacademy/Desktop/Capstone/frontend/src/pages/Home.js": {"lines":{"total":5,"covered":1,"skipped":0,"pct":20},"functions":{"total":2,"covered":0,"skipped":0,"pct":0},"statements":{"total":5,"covered":1,"skipped":0,"pct":20},"branches":{"total":0,"covered":0,"skipped":0,"pct":100}}
,"/Users/learnacademy/Desktop/Capstone/frontend/src/pages/Jess.js": {"lines":{"total":2,"covered":1,"skipped":0,"pct":50},"functions":{"total":1,"covered":0,"skipped":0,"pct":0},"statements":{"total":2,"covered":1,"skipped":0,"pct":50},"branches":{"total":0,"covered":0,"skipped":0,"pct":100}}
,"/Users/learnacademy/Desktop/Capstone/frontend/src/pages/LogIn.js": {"lines":{"total":12,"covered":1,"skipped":0,"pct":8.33},"functions":{"total":2,"covered":0,"skipped":0,"pct":0},"statements":{"total":12,"covered":1,"skipped":0,"pct":8.33},"branches":{"total":0,"covered":0,"skipped":0,"pct":100}}
,"/Users/learnacademy/Desktop/Capstone/frontend/src/pages/NotFound.js": {"lines":{"total":4,"covered":1,"skipped":0,"pct":25},"functions":{"total":1,"covered":0,"skipped":0,"pct":0},"statements":{"total":4,"covered":1,"skipped":0,"pct":25},"branches":{"total":2,"covered":0,"skipped":0,"pct":0}}
,"/Users/learnacademy/Desktop/Capstone/frontend/src/pages/SignUp.js": {"lines":{"total":12,"covered":3,"skipped":0,"pct":25},"functions":{"total":2,"covered":1,"skipped":0,"pct":50},"statements":{"total":12,"covered":3,"skipped":0,"pct":25},"branches":{"total":0,"covered":0,"skipped":0,"pct":100}}
,"/Users/learnacademy/Desktop/Capstone/frontend/src/pages/Vance.js": {"lines":{"total":2,"covered":1,"skipped":0,"pct":50},"functions":{"total":1,"covered":0,"skipped":0,"pct":0},"statements":{"total":2,"covered":1,"skipped":0,"pct":50},"branches":{"total":0,"covered":0,"skipped":0,"pct":100}}
}
