{"/Users/learnacademy/Desktop/Capstone/frontend/src/App.js": {"path":"/Users/learnacademy/Desktop/Capstone/frontend/src/App.js","statementMap":{"0":{"start":{"line":20,"column":12},"end":{"line":207,"column":1}},"1":{"start":{"line":21,"column":40},"end":{"line":21,"column":54}},"2":{"start":{"line":22,"column":28},"end":{"line":22,"column":40}},"3":{"start":{"line":24,"column":14},"end":{"line":24,"column":37}},"4":{"start":{"line":26,"column":2},"end":{"line":35,"column":9}},"5":{"start":{"line":27,"column":25},"end":{"line":27,"column":54}},"6":{"start":{"line":29,"column":4},"end":{"line":32,"column":5}},"7":{"start":{"line":30,"column":25},"end":{"line":30,"column":75}},"8":{"start":{"line":31,"column":6},"end":{"line":31,"column":41}},"9":{"start":{"line":34,"column":4},"end":{"line":34,"column":16}},"10":{"start":{"line":37,"column":20},"end":{"line":44,"column":3}},"11":{"start":{"line":38,"column":4},"end":{"line":43,"column":44}},"12":{"start":{"line":39,"column":26},"end":{"line":39,"column":41}},"13":{"start":{"line":41,"column":8},"end":{"line":41,"column":26}},"14":{"start":{"line":43,"column":24},"end":{"line":43,"column":42}},"15":{"start":{"line":46,"column":21},"end":{"line":59,"column":3}},"16":{"start":{"line":47,"column":4},"end":{"line":58,"column":71}},"17":{"start":{"line":54,"column":26},"end":{"line":54,"column":41}},"18":{"start":{"line":56,"column":8},"end":{"line":56,"column":38}},"19":{"start":{"line":58,"column":25},"end":{"line":58,"column":69}},"20":{"start":{"line":61,"column":21},"end":{"line":77,"column":3}},"21":{"start":{"line":62,"column":4},"end":{"line":76,"column":66}},"22":{"start":{"line":69,"column":26},"end":{"line":69,"column":41}},"23":{"start":{"line":71,"column":29},"end":{"line":73,"column":9}},"24":{"start":{"line":72,"column":10},"end":{"line":72,"column":49}},"25":{"start":{"line":74,"column":8},"end":{"line":74,"column":31}},"26":{"start":{"line":76,"column":24},"end":{"line":76,"column":64}},"27":{"start":{"line":79,"column":21},"end":{"line":92,"column":3}},"28":{"start":{"line":80,"column":4},"end":{"line":91,"column":68}},"29":{"start":{"line":84,"column":8},"end":{"line":89,"column":9}},"30":{"start":{"line":85,"column":31},"end":{"line":85,"column":69}},"31":{"start":{"line":85,"column":54},"end":{"line":85,"column":68}},"32":{"start":{"line":86,"column":10},"end":{"line":86,"column":33}},"33":{"start":{"line":88,"column":10},"end":{"line":88,"column":49}},"34":{"start":{"line":91,"column":24},"end":{"line":91,"column":66}},"35":{"start":{"line":94,"column":16},"end":{"line":114,"column":3}},"36":{"start":{"line":95,"column":4},"end":{"line":113,"column":61}},"37":{"start":{"line":104,"column":8},"end":{"line":106,"column":9}},"38":{"start":{"line":105,"column":10},"end":{"line":105,"column":43}},"39":{"start":{"line":107,"column":8},"end":{"line":107,"column":77}},"40":{"start":{"line":108,"column":8},"end":{"line":108,"column":31}},"41":{"start":{"line":111,"column":8},"end":{"line":111,"column":32}},"42":{"start":{"line":113,"column":24},"end":{"line":113,"column":59}},"43":{"start":{"line":116,"column":17},"end":{"line":129,"column":3}},"44":{"start":{"line":117,"column":4},"end":{"line":128,"column":64}},"45":{"start":{"line":125,"column":8},"end":{"line":125,"column":41}},"46":{"start":{"line":126,"column":8},"end":{"line":126,"column":29}},"47":{"start":{"line":128,"column":24},"end":{"line":128,"column":62}},"48":{"start":{"line":131,"column":17},"end":{"line":152,"column":3}},"49":{"start":{"line":132,"column":4},"end":{"line":151,"column":62}},"50":{"start":{"line":141,"column":8},"end":{"line":143,"column":9}},"51":{"start":{"line":142,"column":10},"end":{"line":142,"column":43}},"52":{"start":{"line":145,"column":8},"end":{"line":145,"column":77}},"53":{"start":{"line":146,"column":8},"end":{"line":146,"column":31}},"54":{"start":{"line":149,"column":8},"end":{"line":149,"column":32}},"55":{"start":{"line":151,"column":24},"end":{"line":151,"column":60}},"56":{"start":{"line":154,"column":2},"end":{"line":206,"column":4}}},"fnMap":{"0":{"name":"(anonymous_0)","decl":{"start":{"line":20,"column":12},"end":{"line":20,"column":13}},"loc":{"start":{"line":20,"column":18},"end":{"line":207,"column":1}},"line":20},"1":{"name":"(anonymous_1)","decl":{"start":{"line":26,"column":12},"end":{"line":26,"column":13}},"loc":{"start":{"line":26,"column":18},"end":{"line":35,"column":3}},"line":26},"2":{"name":"(anonymous_2)","decl":{"start":{"line":37,"column":20},"end":{"line":37,"column":21}},"loc":{"start":{"line":37,"column":26},"end":{"line":44,"column":3}},"line":37},"3":{"name":"(anonymous_3)","decl":{"start":{"line":39,"column":12},"end":{"line":39,"column":13}},"loc":{"start":{"line":39,"column":26},"end":{"line":39,"column":41}},"line":39},"4":{"name":"(anonymous_4)","decl":{"start":{"line":40,"column":12},"end":{"line":40,"column":13}},"loc":{"start":{"line":40,"column":25},"end":{"line":42,"column":7}},"line":40},"5":{"name":"(anonymous_5)","decl":{"start":{"line":43,"column":13},"end":{"line":43,"column":14}},"loc":{"start":{"line":43,"column":24},"end":{"line":43,"column":42}},"line":43},"6":{"name":"(anonymous_6)","decl":{"start":{"line":46,"column":21},"end":{"line":46,"column":22}},"loc":{"start":{"line":46,"column":31},"end":{"line":59,"column":3}},"line":46},"7":{"name":"(anonymous_7)","decl":{"start":{"line":54,"column":12},"end":{"line":54,"column":13}},"loc":{"start":{"line":54,"column":26},"end":{"line":54,"column":41}},"line":54},"8":{"name":"(anonymous_8)","decl":{"start":{"line":55,"column":12},"end":{"line":55,"column":13}},"loc":{"start":{"line":55,"column":25},"end":{"line":57,"column":7}},"line":55},"9":{"name":"(anonymous_9)","decl":{"start":{"line":58,"column":13},"end":{"line":58,"column":14}},"loc":{"start":{"line":58,"column":25},"end":{"line":58,"column":69}},"line":58},"10":{"name":"(anonymous_10)","decl":{"start":{"line":61,"column":21},"end":{"line":61,"column":22}},"loc":{"start":{"line":61,"column":38},"end":{"line":77,"column":3}},"line":61},"11":{"name":"(anonymous_11)","decl":{"start":{"line":69,"column":12},"end":{"line":69,"column":13}},"loc":{"start":{"line":69,"column":26},"end":{"line":69,"column":41}},"line":69},"12":{"name":"(anonymous_12)","decl":{"start":{"line":70,"column":12},"end":{"line":70,"column":13}},"loc":{"start":{"line":70,"column":25},"end":{"line":75,"column":7}},"line":70},"13":{"name":"(anonymous_13)","decl":{"start":{"line":71,"column":39},"end":{"line":71,"column":40}},"loc":{"start":{"line":72,"column":10},"end":{"line":72,"column":49}},"line":72},"14":{"name":"(anonymous_14)","decl":{"start":{"line":76,"column":13},"end":{"line":76,"column":14}},"loc":{"start":{"line":76,"column":24},"end":{"line":76,"column":64}},"line":76},"15":{"name":"(anonymous_15)","decl":{"start":{"line":79,"column":21},"end":{"line":79,"column":22}},"loc":{"start":{"line":79,"column":29},"end":{"line":92,"column":3}},"line":79},"16":{"name":"(anonymous_16)","decl":{"start":{"line":83,"column":12},"end":{"line":83,"column":13}},"loc":{"start":{"line":83,"column":26},"end":{"line":90,"column":7}},"line":83},"17":{"name":"(anonymous_17)","decl":{"start":{"line":85,"column":44},"end":{"line":85,"column":45}},"loc":{"start":{"line":85,"column":54},"end":{"line":85,"column":68}},"line":85},"18":{"name":"(anonymous_18)","decl":{"start":{"line":91,"column":13},"end":{"line":91,"column":14}},"loc":{"start":{"line":91,"column":24},"end":{"line":91,"column":66}},"line":91},"19":{"name":"(anonymous_19)","decl":{"start":{"line":94,"column":16},"end":{"line":94,"column":17}},"loc":{"start":{"line":94,"column":30},"end":{"line":114,"column":3}},"line":94},"20":{"name":"(anonymous_20)","decl":{"start":{"line":103,"column":12},"end":{"line":103,"column":13}},"loc":{"start":{"line":103,"column":26},"end":{"line":109,"column":7}},"line":103},"21":{"name":"(anonymous_21)","decl":{"start":{"line":110,"column":12},"end":{"line":110,"column":13}},"loc":{"start":{"line":110,"column":25},"end":{"line":112,"column":7}},"line":110},"22":{"name":"(anonymous_22)","decl":{"start":{"line":113,"column":13},"end":{"line":113,"column":14}},"loc":{"start":{"line":113,"column":24},"end":{"line":113,"column":59}},"line":113},"23":{"name":"(anonymous_23)","decl":{"start":{"line":116,"column":17},"end":{"line":116,"column":18}},"loc":{"start":{"line":116,"column":23},"end":{"line":129,"column":3}},"line":116},"24":{"name":"(anonymous_24)","decl":{"start":{"line":124,"column":12},"end":{"line":124,"column":13}},"loc":{"start":{"line":124,"column":25},"end":{"line":127,"column":7}},"line":124},"25":{"name":"(anonymous_25)","decl":{"start":{"line":128,"column":13},"end":{"line":128,"column":14}},"loc":{"start":{"line":128,"column":24},"end":{"line":128,"column":62}},"line":128},"26":{"name":"(anonymous_26)","decl":{"start":{"line":131,"column":17},"end":{"line":131,"column":18}},"loc":{"start":{"line":131,"column":31},"end":{"line":152,"column":3}},"line":131},"27":{"name":"(anonymous_27)","decl":{"start":{"line":140,"column":12},"end":{"line":140,"column":13}},"loc":{"start":{"line":140,"column":26},"end":{"line":147,"column":7}},"line":140},"28":{"name":"(anonymous_28)","decl":{"start":{"line":148,"column":12},"end":{"line":148,"column":13}},"loc":{"start":{"line":148,"column":25},"end":{"line":150,"column":7}},"line":148},"29":{"name":"(anonymous_29)","decl":{"start":{"line":151,"column":13},"end":{"line":151,"column":14}},"loc":{"start":{"line":151,"column":24},"end":{"line":151,"column":60}},"line":151}},"branchMap":{"0":{"loc":{"start":{"line":29,"column":4},"end":{"line":32,"column":5}},"type":"if","locations":[{"start":{"line":29,"column":4},"end":{"line":32,"column":5}},{"start":{},"end":{}}],"line":29},"1":{"loc":{"start":{"line":72,"column":10},"end":{"line":72,"column":49}},"type":"cond-expr","locations":[{"start":{"line":72,"column":35},"end":{"line":72,"column":42}},{"start":{"line":72,"column":45},"end":{"line":72,"column":49}}],"line":72},"2":{"loc":{"start":{"line":84,"column":8},"end":{"line":89,"column":9}},"type":"if","locations":[{"start":{"line":84,"column":8},"end":{"line":89,"column":9}},{"start":{"line":87,"column":15},"end":{"line":89,"column":9}}],"line":84},"3":{"loc":{"start":{"line":104,"column":8},"end":{"line":106,"column":9}},"type":"if","locations":[{"start":{"line":104,"column":8},"end":{"line":106,"column":9}},{"start":{},"end":{}}],"line":104},"4":{"loc":{"start":{"line":141,"column":8},"end":{"line":143,"column":9}},"type":"if","locations":[{"start":{"line":141,"column":8},"end":{"line":143,"column":9}},{"start":{},"end":{}}],"line":141}},"s":{"0":2,"1":3,"2":3,"3":3,"4":3,"5":3,"6":3,"7":0,"8":0,"9":3,"10":3,"11":3,"12":0,"13":0,"14":0,"15":3,"16":0,"17":0,"18":0,"19":0,"20":3,"21":0,"22":0,"23":0,"24":0,"25":0,"26":0,"27":3,"28":0,"29":0,"30":0,"31":0,"32":0,"33":0,"34":0,"35":3,"36":0,"37":0,"38":0,"39":0,"40":0,"41":0,"42":0,"43":3,"44":0,"45":0,"46":0,"47":0,"48":3,"49":0,"50":0,"51":0,"52":0,"53":0,"54":0,"55":0,"56":3},"f":{"0":3,"1":3,"2":3,"3":0,"4":0,"5":0,"6":0,"7":0,"8":0,"9":0,"10":0,"11":0,"12":0,"13":0,"14":0,"15":0,"16":0,"17":0,"18":0,"19":0,"20":0,"21":0,"22":0,"23":0,"24":0,"25":0,"26":0,"27":0,"28":0,"29":0},"b":{"0":[0,3],"1":[0,0],"2":[0,0],"3":[0,0],"4":[0,0]},"_coverageSchema":"1a1c01bbd47fc00a2c39e90264f33305004495a9","hash":"6fe1606d45c0151ebc1df5dfbf19fbeac4fc4412"}
,"/Users/learnacademy/Desktop/Capstone/frontend/src/mockGames.js": {"path":"/Users/learnacademy/Desktop/Capstone/frontend/src/mockGames.js","statementMap":{"0":{"start":{"line":1,"column":18},"end":{"line":82,"column":1}}},"fnMap":{},"branchMap":{},"s":{"0":1},"f":{},"b":{},"_coverageSchema":"1a1c01bbd47fc00a2c39e90264f33305004495a9","hash":"87a4ff7c52c8cc7687aed62305a197439d30f315"}
,"/Users/learnacademy/Desktop/Capstone/frontend/src/mockUsers.js": {"path":"/Users/learnacademy/Desktop/Capstone/frontend/src/mockUsers.js","statementMap":{"0":{"start":{"line":1,"column":18},"end":{"line":14,"column":1}}},"fnMap":{},"branchMap":{},"s":{"0":1},"f":{},"b":{},"_coverageSchema":"1a1c01bbd47fc00a2c39e90264f33305004495a9","hash":"ca3e76467c589c75d6388e64e213991cc53a1c2a"}
,"/Users/learnacademy/Desktop/Capstone/frontend/src/components/Footer.js": {"path":"/Users/learnacademy/Desktop/Capstone/frontend/src/components/Footer.js","statementMap":{"0":{"start":{"line":5,"column":15},"end":{"line":15,"column":1}},"1":{"start":{"line":6,"column":2},"end":{"line":14,"column":4}}},"fnMap":{"0":{"name":"(anonymous_0)","decl":{"start":{"line":5,"column":15},"end":{"line":5,"column":16}},"loc":{"start":{"line":5,"column":21},"end":{"line":15,"column":1}},"line":5}},"branchMap":{},"s":{"0":3,"1":2},"f":{"0":2},"b":{},"_coverageSchema":"1a1c01bbd47fc00a2c39e90264f33305004495a9","hash":"3483f0a03a6154cfb6002de4ed36baffe40e31da"}
,"/Users/learnacademy/Desktop/Capstone/frontend/src/components/Header.js": {"path":"/Users/learnacademy/Desktop/Capstone/frontend/src/components/Header.js","statementMap":{"0":{"start":{"line":4,"column":15},"end":{"line":96,"column":1}},"1":{"start":{"line":5,"column":38},"end":{"line":5,"column":53}},"2":{"start":{"line":6,"column":19},"end":{"line":6,"column":32}},"3":{"start":{"line":8,"column":22},"end":{"line":11,"column":3}},"4":{"start":{"line":9,"column":4},"end":{"line":9,"column":13}},"5":{"start":{"line":10,"column":4},"end":{"line":10,"column":18}},"6":{"start":{"line":13,"column":21},"end":{"line":16,"column":3}},"7":{"start":{"line":14,"column":4},"end":{"line":14,"column":28}},"8":{"start":{"line":15,"column":4},"end":{"line":15,"column":45}},"9":{"start":{"line":15,"column":33},"end":{"line":15,"column":43}},"10":{"start":{"line":17,"column":2},"end":{"line":29,"column":19}},"11":{"start":{"line":18,"column":22},"end":{"line":20,"column":5}},"12":{"start":{"line":19,"column":6},"end":{"line":19,"column":27}},"13":{"start":{"line":22,"column":4},"end":{"line":24,"column":5}},"14":{"start":{"line":23,"column":6},"end":{"line":23,"column":52}},"15":{"start":{"line":26,"column":4},"end":{"line":28,"column":6}},"16":{"start":{"line":27,"column":6},"end":{"line":27,"column":55}},"17":{"start":{"line":31,"column":28},"end":{"line":68,"column":3}},"18":{"start":{"line":32,"column":4},"end":{"line":67,"column":5}},"19":{"start":{"line":33,"column":6},"end":{"line":51,"column":8}},"20":{"start":{"line":53,"column":6},"end":{"line":66,"column":8}},"21":{"start":{"line":70,"column":2},"end":{"line":95,"column":4}}},"fnMap":{"0":{"name":"(anonymous_0)","decl":{"start":{"line":4,"column":15},"end":{"line":4,"column":16}},"loc":{"start":{"line":4,"column":44},"end":{"line":96,"column":1}},"line":4},"1":{"name":"(anonymous_1)","decl":{"start":{"line":8,"column":22},"end":{"line":8,"column":23}},"loc":{"start":{"line":8,"column":28},"end":{"line":11,"column":3}},"line":8},"2":{"name":"(anonymous_2)","decl":{"start":{"line":13,"column":21},"end":{"line":13,"column":22}},"loc":{"start":{"line":13,"column":32},"end":{"line":16,"column":3}},"line":13},"3":{"name":"(anonymous_3)","decl":{"start":{"line":15,"column":18},"end":{"line":15,"column":19}},"loc":{"start":{"line":15,"column":33},"end":{"line":15,"column":43}},"line":15},"4":{"name":"(anonymous_4)","decl":{"start":{"line":17,"column":12},"end":{"line":17,"column":13}},"loc":{"start":{"line":17,"column":18},"end":{"line":29,"column":3}},"line":17},"5":{"name":"(anonymous_5)","decl":{"start":{"line":18,"column":22},"end":{"line":18,"column":23}},"loc":{"start":{"line":18,"column":28},"end":{"line":20,"column":5}},"line":18},"6":{"name":"(anonymous_6)","decl":{"start":{"line":26,"column":11},"end":{"line":26,"column":12}},"loc":{"start":{"line":26,"column":17},"end":{"line":28,"column":5}},"line":26},"7":{"name":"(anonymous_7)","decl":{"start":{"line":31,"column":28},"end":{"line":31,"column":29}},"loc":{"start":{"line":31,"column":34},"end":{"line":68,"column":3}},"line":31}},"branchMap":{"0":{"loc":{"start":{"line":22,"column":4},"end":{"line":24,"column":5}},"type":"if","locations":[{"start":{"line":22,"column":4},"end":{"line":24,"column":5}},{"start":{},"end":{}}],"line":22},"1":{"loc":{"start":{"line":32,"column":4},"end":{"line":67,"column":5}},"type":"if","locations":[{"start":{"line":32,"column":4},"end":{"line":67,"column":5}},{"start":{"line":52,"column":11},"end":{"line":67,"column":5}}],"line":32},"2":{"loc":{"start":{"line":80,"column":32},"end":{"line":80,"column":56}},"type":"cond-expr","locations":[{"start":{"line":80,"column":45},"end":{"line":80,"column":51}},{"start":{"line":80,"column":54},"end":{"line":80,"column":56}}],"line":80}},"s":{"0":4,"1":15,"2":15,"3":15,"4":1,"5":1,"6":15,"7":0,"8":0,"9":0,"10":15,"11":10,"12":0,"13":10,"14":0,"15":10,"16":10,"17":15,"18":15,"19":2,"20":13,"21":15},"f":{"0":15,"1":1,"2":0,"3":0,"4":10,"5":0,"6":10,"7":15},"b":{"0":[0,10],"1":[2,13],"2":[0,15]},"_coverageSchema":"1a1c01bbd47fc00a2c39e90264f33305004495a9","hash":"d8a9061a971dc880a785f504ff7f6c0be8488cac"}
,"/Users/learnacademy/Desktop/Capstone/frontend/src/components/SearchComponent.js": {"path":"/Users/learnacademy/Desktop/Capstone/frontend/src/components/SearchComponent.js","statementMap":{"0":{"start":{"line":6,"column":24},"end":{"line":117,"column":1}},"1":{"start":{"line":7,"column":19},"end":{"line":7,"column":32}},"2":{"start":{"line":8,"column":40},"end":{"line":8,"column":52}},"3":{"start":{"line":9,"column":44},"end":{"line":9,"column":56}},"4":{"start":{"line":10,"column":25},"end":{"line":10,"column":37}},"5":{"start":{"line":12,"column":29},"end":{"line":29,"column":3}},"6":{"start":{"line":13,"column":4},"end":{"line":28,"column":5}},"7":{"start":{"line":14,"column":21},"end":{"line":14,"column":50}},"8":{"start":{"line":15,"column":23},"end":{"line":17,"column":7}},"9":{"start":{"line":18,"column":19},"end":{"line":18,"column":40}},"10":{"start":{"line":19,"column":25},"end":{"line":19,"column":37}},"11":{"start":{"line":21,"column":33},"end":{"line":23,"column":8}},"12":{"start":{"line":22,"column":8},"end":{"line":22,"column":41}},"13":{"start":{"line":25,"column":6},"end":{"line":25,"column":43}},"14":{"start":{"line":27,"column":6},"end":{"line":27,"column":61}},"15":{"start":{"line":31,"column":29},"end":{"line":33,"column":3}},"16":{"start":{"line":32,"column":4},"end":{"line":32,"column":55}},"17":{"start":{"line":35,"column":29},"end":{"line":37,"column":3}},"18":{"start":{"line":36,"column":4},"end":{"line":36,"column":39}},"19":{"start":{"line":39,"column":23},"end":{"line":42,"column":3}},"20":{"start":{"line":40,"column":4},"end":{"line":40,"column":27}},"21":{"start":{"line":41,"column":4},"end":{"line":41,"column":36}},"22":{"start":{"line":44,"column":25},"end":{"line":55,"column":3}},"23":{"start":{"line":45,"column":4},"end":{"line":54,"column":7}},"24":{"start":{"line":57,"column":28},"end":{"line":72,"column":3}},"25":{"start":{"line":58,"column":24},"end":{"line":58,"column":60}},"26":{"start":{"line":60,"column":4},"end":{"line":60,"column":24}},"27":{"start":{"line":62,"column":4},"end":{"line":67,"column":6}},"28":{"start":{"line":63,"column":27},"end":{"line":63,"column":57}},"29":{"start":{"line":64,"column":6},"end":{"line":64,"column":50}},"30":{"start":{"line":65,"column":6},"end":{"line":65,"column":35}},"31":{"start":{"line":66,"column":6},"end":{"line":66,"column":39}},"32":{"start":{"line":69,"column":4},"end":{"line":71,"column":6}},"33":{"start":{"line":70,"column":6},"end":{"line":70,"column":25}},"34":{"start":{"line":74,"column":2},"end":{"line":116,"column":4}},"35":{"start":{"line":95,"column":10},"end":{"line":112,"column":16}},"36":{"start":{"line":105,"column":35},"end":{"line":105,"column":55}}},"fnMap":{"0":{"name":"(anonymous_0)","decl":{"start":{"line":6,"column":24},"end":{"line":6,"column":25}},"loc":{"start":{"line":6,"column":30},"end":{"line":117,"column":1}},"line":6},"1":{"name":"(anonymous_1)","decl":{"start":{"line":12,"column":29},"end":{"line":12,"column":30}},"loc":{"start":{"line":12,"column":46},"end":{"line":29,"column":3}},"line":12},"2":{"name":"(anonymous_2)","decl":{"start":{"line":21,"column":51},"end":{"line":21,"column":52}},"loc":{"start":{"line":21,"column":61},"end":{"line":23,"column":7}},"line":21},"3":{"name":"(anonymous_3)","decl":{"start":{"line":31,"column":29},"end":{"line":31,"column":30}},"loc":{"start":{"line":31,"column":39},"end":{"line":33,"column":3}},"line":31},"4":{"name":"(anonymous_4)","decl":{"start":{"line":35,"column":29},"end":{"line":35,"column":30}},"loc":{"start":{"line":35,"column":40},"end":{"line":37,"column":3}},"line":35},"5":{"name":"(anonymous_5)","decl":{"start":{"line":39,"column":23},"end":{"line":39,"column":24}},"loc":{"start":{"line":39,"column":34},"end":{"line":42,"column":3}},"line":39},"6":{"name":"(anonymous_6)","decl":{"start":{"line":44,"column":25},"end":{"line":44,"column":26}},"loc":{"start":{"line":44,"column":35},"end":{"line":55,"column":3}},"line":44},"7":{"name":"(anonymous_7)","decl":{"start":{"line":57,"column":28},"end":{"line":57,"column":29}},"loc":{"start":{"line":57,"column":40},"end":{"line":72,"column":3}},"line":57},"8":{"name":"(anonymous_8)","decl":{"start":{"line":62,"column":27},"end":{"line":62,"column":28}},"loc":{"start":{"line":62,"column":38},"end":{"line":67,"column":5}},"line":62},"9":{"name":"(anonymous_9)","decl":{"start":{"line":69,"column":24},"end":{"line":69,"column":25}},"loc":{"start":{"line":69,"column":30},"end":{"line":71,"column":5}},"line":69},"10":{"name":"(anonymous_10)","decl":{"start":{"line":94,"column":27},"end":{"line":94,"column":28}},"loc":{"start":{"line":95,"column":10},"end":{"line":112,"column":16}},"line":95},"11":{"name":"(anonymous_11)","decl":{"start":{"line":105,"column":29},"end":{"line":105,"column":30}},"loc":{"start":{"line":105,"column":35},"end":{"line":105,"column":55}},"line":105}},"branchMap":{},"s":{"0":5,"1":17,"2":17,"3":17,"4":17,"5":17,"6":1,"7":1,"8":1,"9":0,"10":0,"11":0,"12":0,"13":0,"14":0,"15":17,"16":0,"17":17,"18":1,"19":17,"20":1,"21":1,"22":17,"23":0,"24":17,"25":0,"26":0,"27":0,"28":0,"29":0,"30":0,"31":0,"32":0,"33":0,"34":17,"35":0,"36":0},"f":{"0":17,"1":1,"2":0,"3":0,"4":1,"5":1,"6":0,"7":0,"8":0,"9":0,"10":0,"11":0},"b":{},"_coverageSchema":"1a1c01bbd47fc00a2c39e90264f33305004495a9","hash":"3d5abc9526c629d4e4c7f8657a075b41bbc221e9"}
,"/Users/learnacademy/Desktop/Capstone/frontend/src/pages/AboutUs.js": {"path":"/Users/learnacademy/Desktop/Capstone/frontend/src/pages/AboutUs.js","statementMap":{"0":{"start":{"line":10,"column":16},"end":{"line":157,"column":1}},"1":{"start":{"line":11,"column":22},"end":{"line":70,"column":3}},"2":{"start":{"line":72,"column":2},"end":{"line":156,"column":4}},"3":{"start":{"line":75,"column":8},"end":{"line":153,"column":14}}},"fnMap":{"0":{"name":"(anonymous_0)","decl":{"start":{"line":10,"column":16},"end":{"line":10,"column":17}},"loc":{"start":{"line":10,"column":22},"end":{"line":157,"column":1}},"line":10},"1":{"name":"(anonymous_1)","decl":{"start":{"line":74,"column":23},"end":{"line":74,"column":24}},"loc":{"start":{"line":75,"column":8},"end":{"line":153,"column":14}},"line":75}},"branchMap":{"0":{"loc":{"start":{"line":127,"column":17},"end":{"line":135,"column":17}},"type":"binary-expr","locations":[{"start":{"line":127,"column":17},"end":{"line":127,"column":35}},{"start":{"line":127,"column":39},"end":{"line":127,"column":62}},{"start":{"line":128,"column":18},"end":{"line":134,"column":22}}],"line":127},"1":{"loc":{"start":{"line":137,"column":17},"end":{"line":149,"column":17}},"type":"binary-expr","locations":[{"start":{"line":137,"column":17},"end":{"line":137,"column":40}},{"start":{"line":137,"column":44},"end":{"line":137,"column":72}},{"start":{"line":138,"column":18},"end":{"line":148,"column":22}}],"line":137}},"s":{"0":3,"1":2,"2":2,"3":6},"f":{"0":2,"1":6},"b":{"0":[6,2,2],"1":[6,2,2]},"_coverageSchema":"1a1c01bbd47fc00a2c39e90264f33305004495a9","hash":"98eba20f29cfa0d0ff3e2790dd858599da455ba1"}
,"/Users/learnacademy/Desktop/Capstone/frontend/src/pages/CRod.js": {"path":"/Users/learnacademy/Desktop/Capstone/frontend/src/pages/CRod.js","statementMap":{"0":{"start":{"line":15,"column":13},"end":{"line":112,"column":1}},"1":{"start":{"line":16,"column":2},"end":{"line":111,"column":4}}},"fnMap":{"0":{"name":"(anonymous_0)","decl":{"start":{"line":15,"column":13},"end":{"line":15,"column":14}},"loc":{"start":{"line":15,"column":19},"end":{"line":112,"column":1}},"line":15}},"branchMap":{},"s":{"0":3,"1":1},"f":{"0":1},"b":{},"_coverageSchema":"1a1c01bbd47fc00a2c39e90264f33305004495a9","hash":"4b85eef53d8a9a34a88cd4fc4731617a37a9a376"}
,"/Users/learnacademy/Desktop/Capstone/frontend/src/pages/GameEdit.js": {"path":"/Users/learnacademy/Desktop/Capstone/frontend/src/pages/GameEdit.js","statementMap":{"0":{"start":{"line":5,"column":17},"end":{"line":175,"column":1}},"1":{"start":{"line":6,"column":19},"end":{"line":6,"column":32}},"2":{"start":{"line":7,"column":17},"end":{"line":7,"column":28}},"3":{"start":{"line":9,"column":34},"end":{"line":16,"column":4}},"4":{"start":{"line":18,"column":2},"end":{"line":23,"column":35}},"5":{"start":{"line":19,"column":17},"end":{"line":19,"column":63}},"6":{"start":{"line":19,"column":38},"end":{"line":19,"column":62}},"7":{"start":{"line":20,"column":4},"end":{"line":22,"column":5}},"8":{"start":{"line":21,"column":6},"end":{"line":21,"column":57}},"9":{"start":{"line":25,"column":23},"end":{"line":27,"column":3}},"10":{"start":{"line":26,"column":4},"end":{"line":26,"column":66}},"11":{"start":{"line":29,"column":21},"end":{"line":32,"column":1}},"12":{"start":{"line":30,"column":2},"end":{"line":30,"column":34}},"13":{"start":{"line":31,"column":2},"end":{"line":31,"column":21}},"14":{"start":{"line":35,"column":23},"end":{"line":38,"column":3}},"15":{"start":{"line":36,"column":4},"end":{"line":36,"column":28}},"16":{"start":{"line":37,"column":4},"end":{"line":37,"column":25}},"17":{"start":{"line":40,"column":2},"end":{"line":174,"column":4}}},"fnMap":{"0":{"name":"(anonymous_0)","decl":{"start":{"line":5,"column":17},"end":{"line":5,"column":18}},"loc":{"start":{"line":5,"column":77},"end":{"line":175,"column":1}},"line":5},"1":{"name":"(anonymous_1)","decl":{"start":{"line":18,"column":12},"end":{"line":18,"column":13}},"loc":{"start":{"line":18,"column":18},"end":{"line":23,"column":3}},"line":18},"2":{"name":"(anonymous_2)","decl":{"start":{"line":19,"column":28},"end":{"line":19,"column":29}},"loc":{"start":{"line":19,"column":38},"end":{"line":19,"column":62}},"line":19},"3":{"name":"(anonymous_3)","decl":{"start":{"line":25,"column":23},"end":{"line":25,"column":24}},"loc":{"start":{"line":25,"column":30},"end":{"line":27,"column":3}},"line":25},"4":{"name":"(anonymous_4)","decl":{"start":{"line":29,"column":21},"end":{"line":29,"column":22}},"loc":{"start":{"line":29,"column":27},"end":{"line":32,"column":1}},"line":29},"5":{"name":"(anonymous_5)","decl":{"start":{"line":35,"column":23},"end":{"line":35,"column":24}},"loc":{"start":{"line":35,"column":29},"end":{"line":38,"column":3}},"line":35}},"branchMap":{"0":{"loc":{"start":{"line":15,"column":13},"end":{"line":15,"column":34}},"type":"binary-expr","locations":[{"start":{"line":15,"column":13},"end":{"line":15,"column":28}},{"start":{"line":15,"column":32},"end":{"line":15,"column":34}}],"line":15},"1":{"loc":{"start":{"line":20,"column":4},"end":{"line":22,"column":5}},"type":"if","locations":[{"start":{"line":20,"column":4},"end":{"line":22,"column":5}},{"start":{},"end":{}}],"line":20},"2":{"loc":{"start":{"line":20,"column":8},"end":{"line":20,"column":48}},"type":"binary-expr","locations":[{"start":{"line":20,"column":8},"end":{"line":20,"column":12}},{"start":{"line":20,"column":16},"end":{"line":20,"column":48}}],"line":20},"3":{"loc":{"start":{"line":45,"column":7},"end":{"line":61,"column":7}},"type":"binary-expr","locations":[{"start":{"line":45,"column":7},"end":{"line":45,"column":21}},{"start":{"line":46,"column":8},"end":{"line":60,"column":14}}],"line":45},"4":{"loc":{"start":{"line":124,"column":21},"end":{"line":124,"column":56}},"type":"binary-expr","locations":[{"start":{"line":124,"column":21},"end":{"line":124,"column":37}},{"start":{"line":124,"column":41},"end":{"line":124,"column":56}}],"line":124}},"s":{"0":4,"1":2,"2":2,"3":2,"4":2,"5":1,"6":0,"7":1,"8":0,"9":2,"10":1,"11":2,"12":1,"13":1,"14":2,"15":0,"16":0,"17":2},"f":{"0":2,"1":1,"2":0,"3":1,"4":1,"5":0},"b":{"0":[2,0],"1":[0,1],"2":[1,0],"3":[2,0],"4":[2,0]},"_coverageSchema":"1a1c01bbd47fc00a2c39e90264f33305004495a9","hash":"97d5b564f720bc43fac4e39878c6b24b9f2b8e1e"}
,"/Users/learnacademy/Desktop/Capstone/frontend/src/pages/GameIndex.js": {"path":"/Users/learnacademy/Desktop/Capstone/frontend/src/pages/GameIndex.js","statementMap":{"0":{"start":{"line":6,"column":18},"end":{"line":130,"column":1}},"1":{"start":{"line":7,"column":19},"end":{"line":7,"column":32}},"2":{"start":{"line":8,"column":38},"end":{"line":8,"column":50}},"3":{"start":{"line":9,"column":44},"end":{"line":9,"column":56}},"4":{"start":{"line":10,"column":30},"end":{"line":10,"column":42}},"5":{"start":{"line":11,"column":42},"end":{"line":11,"column":57}},"6":{"start":{"line":13,"column":23},"end":{"line":15,"column":3}},"7":{"start":{"line":14,"column":4},"end":{"line":14,"column":19}},"8":{"start":{"line":17,"column":2},"end":{"line":21,"column":24}},"9":{"start":{"line":18,"column":24},"end":{"line":18,"column":60}},"10":{"start":{"line":19,"column":19},"end":{"line":19,"column":44}},"11":{"start":{"line":20,"column":4},"end":{"line":20,"column":32}},"12":{"start":{"line":23,"column":2},"end":{"line":32,"column":26}},"13":{"start":{"line":24,"column":4},"end":{"line":31,"column":5}},"14":{"start":{"line":25,"column":23},"end":{"line":27,"column":7}},"15":{"start":{"line":26,"column":8},"end":{"line":26,"column":67}},"16":{"start":{"line":28,"column":6},"end":{"line":28,"column":33}},"17":{"start":{"line":30,"column":6},"end":{"line":30,"column":30}},"18":{"start":{"line":34,"column":20},"end":{"line":48,"column":3}},"19":{"start":{"line":35,"column":17},"end":{"line":35,"column":33}},"20":{"start":{"line":37,"column":4},"end":{"line":41,"column":5}},"21":{"start":{"line":38,"column":6},"end":{"line":38,"column":60}},"22":{"start":{"line":38,"column":28},"end":{"line":38,"column":58}},"23":{"start":{"line":39,"column":11},"end":{"line":41,"column":5}},"24":{"start":{"line":40,"column":6},"end":{"line":40,"column":75}},"25":{"start":{"line":40,"column":28},"end":{"line":40,"column":73}},"26":{"start":{"line":43,"column":4},"end":{"line":45,"column":5}},"27":{"start":{"line":44,"column":6},"end":{"line":44,"column":23}},"28":{"start":{"line":47,"column":4},"end":{"line":47,"column":18}},"29":{"start":{"line":50,"column":23},"end":{"line":60,"column":3}},"30":{"start":{"line":51,"column":24},"end":{"line":51,"column":45}},"31":{"start":{"line":52,"column":4},"end":{"line":52,"column":43}},"32":{"start":{"line":53,"column":22},"end":{"line":53,"column":44}},"33":{"start":{"line":55,"column":4},"end":{"line":55,"column":54}},"34":{"start":{"line":57,"column":4},"end":{"line":57,"column":31}},"35":{"start":{"line":58,"column":4},"end":{"line":58,"column":18}},"36":{"start":{"line":59,"column":4},"end":{"line":59,"column":27}},"37":{"start":{"line":62,"column":22},"end":{"line":62,"column":46}},"38":{"start":{"line":64,"column":2},"end":{"line":129,"column":4}},"39":{"start":{"line":76,"column":22},"end":{"line":76,"column":40}},"40":{"start":{"line":86,"column":22},"end":{"line":86,"column":39}},"41":{"start":{"line":94,"column":22},"end":{"line":94,"column":52}},"42":{"start":{"line":106,"column":10},"end":{"line":125,"column":12}}},"fnMap":{"0":{"name":"(anonymous_0)","decl":{"start":{"line":6,"column":18},"end":{"line":6,"column":19}},"loc":{"start":{"line":6,"column":45},"end":{"line":130,"column":1}},"line":6},"1":{"name":"(anonymous_1)","decl":{"start":{"line":13,"column":23},"end":{"line":13,"column":24}},"loc":{"start":{"line":13,"column":31},"end":{"line":15,"column":3}},"line":13},"2":{"name":"(anonymous_2)","decl":{"start":{"line":17,"column":12},"end":{"line":17,"column":13}},"loc":{"start":{"line":17,"column":18},"end":{"line":21,"column":3}},"line":17},"3":{"name":"(anonymous_3)","decl":{"start":{"line":23,"column":12},"end":{"line":23,"column":13}},"loc":{"start":{"line":23,"column":18},"end":{"line":32,"column":3}},"line":23},"4":{"name":"(anonymous_4)","decl":{"start":{"line":25,"column":36},"end":{"line":25,"column":37}},"loc":{"start":{"line":26,"column":8},"end":{"line":26,"column":67}},"line":26},"5":{"name":"(anonymous_5)","decl":{"start":{"line":34,"column":20},"end":{"line":34,"column":21}},"loc":{"start":{"line":34,"column":37},"end":{"line":48,"column":3}},"line":34},"6":{"name":"(anonymous_6)","decl":{"start":{"line":38,"column":18},"end":{"line":38,"column":19}},"loc":{"start":{"line":38,"column":28},"end":{"line":38,"column":58}},"line":38},"7":{"name":"(anonymous_7)","decl":{"start":{"line":40,"column":18},"end":{"line":40,"column":19}},"loc":{"start":{"line":40,"column":28},"end":{"line":40,"column":73}},"line":40},"8":{"name":"(anonymous_8)","decl":{"start":{"line":50,"column":23},"end":{"line":50,"column":24}},"loc":{"start":{"line":50,"column":40},"end":{"line":60,"column":3}},"line":50},"9":{"name":"(anonymous_9)","decl":{"start":{"line":76,"column":16},"end":{"line":76,"column":17}},"loc":{"start":{"line":76,"column":22},"end":{"line":76,"column":40}},"line":76},"10":{"name":"(anonymous_10)","decl":{"start":{"line":86,"column":16},"end":{"line":86,"column":17}},"loc":{"start":{"line":86,"column":22},"end":{"line":86,"column":39}},"line":86},"11":{"name":"(anonymous_11)","decl":{"start":{"line":94,"column":16},"end":{"line":94,"column":17}},"loc":{"start":{"line":94,"column":22},"end":{"line":94,"column":52}},"line":94},"12":{"name":"(anonymous_12)","decl":{"start":{"line":105,"column":25},"end":{"line":105,"column":26}},"loc":{"start":{"line":105,"column":42},"end":{"line":126,"column":9}},"line":105}},"branchMap":{"0":{"loc":{"start":{"line":20,"column":18},"end":{"line":20,"column":30}},"type":"binary-expr","locations":[{"start":{"line":20,"column":18},"end":{"line":20,"column":24}},{"start":{"line":20,"column":28},"end":{"line":20,"column":30}}],"line":20},"1":{"loc":{"start":{"line":24,"column":4},"end":{"line":31,"column":5}},"type":"if","locations":[{"start":{"line":24,"column":4},"end":{"line":31,"column":5}},{"start":{"line":29,"column":11},"end":{"line":31,"column":5}}],"line":24},"2":{"loc":{"start":{"line":37,"column":4},"end":{"line":41,"column":5}},"type":"if","locations":[{"start":{"line":37,"column":4},"end":{"line":41,"column":5}},{"start":{"line":39,"column":11},"end":{"line":41,"column":5}}],"line":37},"3":{"loc":{"start":{"line":39,"column":11},"end":{"line":41,"column":5}},"type":"if","locations":[{"start":{"line":39,"column":11},"end":{"line":41,"column":5}},{"start":{},"end":{}}],"line":39},"4":{"loc":{"start":{"line":43,"column":4},"end":{"line":45,"column":5}},"type":"if","locations":[{"start":{"line":43,"column":4},"end":{"line":45,"column":5}},{"start":{},"end":{}}],"line":43},"5":{"loc":{"start":{"line":96,"column":5},"end":{"line":96,"column":57}},"type":"cond-expr","locations":[{"start":{"line":96,"column":20},"end":{"line":96,"column":39}},{"start":{"line":96,"column":42},"end":{"line":96,"column":57}}],"line":96}},"s":{"0":3,"1":6,"2":6,"3":6,"4":6,"5":6,"6":6,"7":0,"8":6,"9":3,"10":3,"11":3,"12":6,"13":3,"14":0,"15":0,"16":0,"17":3,"18":6,"19":6,"20":6,"21":0,"22":0,"23":6,"24":0,"25":0,"26":6,"27":0,"28":6,"29":6,"30":0,"31":0,"32":0,"33":0,"34":0,"35":0,"36":0,"37":6,"38":6,"39":0,"40":0,"41":0,"42":4},"f":{"0":6,"1":0,"2":3,"3":3,"4":0,"5":6,"6":0,"7":0,"8":0,"9":0,"10":0,"11":0,"12":4},"b":{"0":[3,3],"1":[0,3],"2":[0,6],"3":[0,6],"4":[0,6],"5":[0,6]},"_coverageSchema":"1a1c01bbd47fc00a2c39e90264f33305004495a9","hash":"f7f558784ec0e79e4dd03bcdf7aa1dcf264c2c37"}
,"/Users/learnacademy/Desktop/Capstone/frontend/src/pages/GameNew.js": {"path":"/Users/learnacademy/Desktop/Capstone/frontend/src/pages/GameNew.js","statementMap":{"0":{"start":{"line":5,"column":16},"end":{"line":158,"column":1}},"1":{"start":{"line":6,"column":19},"end":{"line":6,"column":32}},"2":{"start":{"line":7,"column":19},"end":{"line":7,"column":32}},"3":{"start":{"line":9,"column":32},"end":{"line":16,"column":4}},"4":{"start":{"line":19,"column":2},"end":{"line":30,"column":23}},"5":{"start":{"line":20,"column":4},"end":{"line":29,"column":5}},"6":{"start":{"line":21,"column":48},"end":{"line":21,"column":70}},"7":{"start":{"line":22,"column":6},"end":{"line":28,"column":10}},"8":{"start":{"line":22,"column":32},"end":{"line":28,"column":7}},"9":{"start":{"line":32,"column":23},"end":{"line":37,"column":3}},"10":{"start":{"line":33,"column":4},"end":{"line":36,"column":8}},"11":{"start":{"line":33,"column":30},"end":{"line":36,"column":5}},"12":{"start":{"line":39,"column":23},"end":{"line":44,"column":3}},"13":{"start":{"line":40,"column":4},"end":{"line":40,"column":23}},"14":{"start":{"line":41,"column":21},"end":{"line":41,"column":67}},"15":{"start":{"line":42,"column":4},"end":{"line":42,"column":25}},"16":{"start":{"line":43,"column":4},"end":{"line":43,"column":25}},"17":{"start":{"line":46,"column":2},"end":{"line":157,"column":4}}},"fnMap":{"0":{"name":"(anonymous_0)","decl":{"start":{"line":5,"column":16},"end":{"line":5,"column":17}},"loc":{"start":{"line":5,"column":49},"end":{"line":158,"column":1}},"line":5},"1":{"name":"(anonymous_1)","decl":{"start":{"line":19,"column":12},"end":{"line":19,"column":13}},"loc":{"start":{"line":19,"column":18},"end":{"line":30,"column":3}},"line":19},"2":{"name":"(anonymous_2)","decl":{"start":{"line":22,"column":17},"end":{"line":22,"column":18}},"loc":{"start":{"line":22,"column":32},"end":{"line":28,"column":7}},"line":22},"3":{"name":"(anonymous_3)","decl":{"start":{"line":32,"column":23},"end":{"line":32,"column":24}},"loc":{"start":{"line":32,"column":30},"end":{"line":37,"column":3}},"line":32},"4":{"name":"(anonymous_4)","decl":{"start":{"line":33,"column":15},"end":{"line":33,"column":16}},"loc":{"start":{"line":33,"column":30},"end":{"line":36,"column":5}},"line":33},"5":{"name":"(anonymous_5)","decl":{"start":{"line":39,"column":23},"end":{"line":39,"column":24}},"loc":{"start":{"line":39,"column":30},"end":{"line":44,"column":3}},"line":39}},"branchMap":{"0":{"loc":{"start":{"line":15,"column":13},"end":{"line":15,"column":34}},"type":"binary-expr","locations":[{"start":{"line":15,"column":13},"end":{"line":15,"column":28}},{"start":{"line":15,"column":32},"end":{"line":15,"column":34}}],"line":15},"1":{"loc":{"start":{"line":20,"column":4},"end":{"line":29,"column":5}},"type":"if","locations":[{"start":{"line":20,"column":4},"end":{"line":29,"column":5}},{"start":{},"end":{}}],"line":20},"2":{"loc":{"start":{"line":20,"column":8},"end":{"line":20,"column":48}},"type":"binary-expr","locations":[{"start":{"line":20,"column":8},"end":{"line":20,"column":22}},{"start":{"line":20,"column":26},"end":{"line":20,"column":48}}],"line":20},"3":{"loc":{"start":{"line":24,"column":15},"end":{"line":24,"column":26}},"type":"binary-expr","locations":[{"start":{"line":24,"column":15},"end":{"line":24,"column":20}},{"start":{"line":24,"column":24},"end":{"line":24,"column":26}}],"line":24},"4":{"loc":{"start":{"line":25,"column":15},"end":{"line":25,"column":26}},"type":"binary-expr","locations":[{"start":{"line":25,"column":15},"end":{"line":25,"column":20}},{"start":{"line":25,"column":24},"end":{"line":25,"column":26}}],"line":25},"5":{"loc":{"start":{"line":26,"column":15},"end":{"line":26,"column":26}},"type":"binary-expr","locations":[{"start":{"line":26,"column":15},"end":{"line":26,"column":20}},{"start":{"line":26,"column":24},"end":{"line":26,"column":26}}],"line":26},"6":{"loc":{"start":{"line":27,"column":18},"end":{"line":27,"column":32}},"type":"binary-expr","locations":[{"start":{"line":27,"column":18},"end":{"line":27,"column":26}},{"start":{"line":27,"column":30},"end":{"line":27,"column":32}}],"line":27},"7":{"loc":{"start":{"line":41,"column":44},"end":{"line":41,"column":65}},"type":"binary-expr","locations":[{"start":{"line":41,"column":44},"end":{"line":41,"column":59}},{"start":{"line":41,"column":63},"end":{"line":41,"column":65}}],"line":41},"8":{"loc":{"start":{"line":51,"column":7},"end":{"line":67,"column":7}},"type":"binary-expr","locations":[{"start":{"line":51,"column":7},"end":{"line":51,"column":20}},{"start":{"line":52,"column":8},"end":{"line":66,"column":14}}],"line":51},"9":{"loc":{"start":{"line":131,"column":21},"end":{"line":131,"column":55}},"type":"binary-expr","locations":[{"start":{"line":131,"column":21},"end":{"line":131,"column":36}},{"start":{"line":131,"column":40},"end":{"line":131,"column":55}}],"line":131}},"s":{"0":3,"1":1,"2":1,"3":1,"4":1,"5":1,"6":0,"7":0,"8":0,"9":1,"10":0,"11":0,"12":1,"13":0,"14":0,"15":0,"16":0,"17":1},"f":{"0":1,"1":1,"2":0,"3":0,"4":0,"5":0},"b":{"0":[1,1],"1":[0,1],"2":[1,0],"3":[0,0],"4":[0,0],"5":[0,0],"6":[0,0],"7":[0,0],"8":[1,0],"9":[1,1]},"_coverageSchema":"1a1c01bbd47fc00a2c39e90264f33305004495a9","hash":"18b4dcda93634ae2555b391db471e92ac29f1319"}
,"/Users/learnacademy/Desktop/Capstone/frontend/src/pages/GameProtectedIndex.js": {"path":"/Users/learnacademy/Desktop/Capstone/frontend/src/pages/GameProtectedIndex.js","statementMap":{"0":{"start":{"line":5,"column":27},"end":{"line":43,"column":1}},"1":{"start":{"line":6,"column":17},"end":{"line":6,"column":28}},"2":{"start":{"line":7,"column":22},"end":{"line":7,"column":60}},"3":{"start":{"line":7,"column":44},"end":{"line":7,"column":59}},"4":{"start":{"line":8,"column":20},"end":{"line":8,"column":77}},"5":{"start":{"line":8,"column":44},"end":{"line":8,"column":76}},"6":{"start":{"line":9,"column":28},"end":{"line":9,"column":96}},"7":{"start":{"line":11,"column":2},"end":{"line":42,"column":4}},"8":{"start":{"line":19,"column":12},"end":{"line":37,"column":18}}},"fnMap":{"0":{"name":"(anonymous_0)","decl":{"start":{"line":5,"column":27},"end":{"line":5,"column":28}},"loc":{"start":{"line":5,"column":55},"end":{"line":43,"column":1}},"line":5},"1":{"name":"(anonymous_1)","decl":{"start":{"line":7,"column":34},"end":{"line":7,"column":35}},"loc":{"start":{"line":7,"column":44},"end":{"line":7,"column":59}},"line":7},"2":{"name":"(anonymous_2)","decl":{"start":{"line":8,"column":34},"end":{"line":8,"column":35}},"loc":{"start":{"line":8,"column":44},"end":{"line":8,"column":76}},"line":8},"3":{"name":"(anonymous_3)","decl":{"start":{"line":18,"column":26},"end":{"line":18,"column":27}},"loc":{"start":{"line":19,"column":12},"end":{"line":37,"column":18}},"line":19}},"branchMap":{"0":{"loc":{"start":{"line":9,"column":28},"end":{"line":9,"column":96}},"type":"binary-expr","locations":[{"start":{"line":9,"column":28},"end":{"line":9,"column":39}},{"start":{"line":9,"column":43},"end":{"line":9,"column":54}},{"start":{"line":9,"column":58},"end":{"line":9,"column":96}}],"line":9},"1":{"loc":{"start":{"line":16,"column":7},"end":{"line":40,"column":7}},"type":"binary-expr","locations":[{"start":{"line":16,"column":7},"end":{"line":16,"column":18}},{"start":{"line":17,"column":8},"end":{"line":39,"column":15}}],"line":16}},"s":{"0":3,"1":1,"2":1,"3":3,"4":1,"5":3,"6":1,"7":1,"8":2},"f":{"0":1,"1":3,"2":3,"3":2},"b":{"0":[1,0,0],"1":[1,1]},"_coverageSchema":"1a1c01bbd47fc00a2c39e90264f33305004495a9","hash":"82245a020511f256a6242b95020908234e1ff8dc"}
,"/Users/learnacademy/Desktop/Capstone/frontend/src/pages/GameShow.js": {"path":"/Users/learnacademy/Desktop/Capstone/frontend/src/pages/GameShow.js","statementMap":{"0":{"start":{"line":14,"column":17},"end":{"line":92,"column":1}},"1":{"start":{"line":15,"column":17},"end":{"line":15,"column":28}},"2":{"start":{"line":16,"column":40},"end":{"line":16,"column":54}},"3":{"start":{"line":17,"column":34},"end":{"line":17,"column":49}},"4":{"start":{"line":19,"column":2},"end":{"line":21,"column":18}},"5":{"start":{"line":20,"column":4},"end":{"line":20,"column":59}},"6":{"start":{"line":20,"column":41},"end":{"line":20,"column":56}},"7":{"start":{"line":23,"column":23},"end":{"line":25,"column":3}},"8":{"start":{"line":24,"column":4},"end":{"line":24,"column":31}},"9":{"start":{"line":27,"column":34},"end":{"line":30,"column":3}},"10":{"start":{"line":28,"column":4},"end":{"line":28,"column":19}},"11":{"start":{"line":29,"column":4},"end":{"line":29,"column":38}},"12":{"start":{"line":32,"column":34},"end":{"line":46,"column":3}},"13":{"start":{"line":33,"column":4},"end":{"line":44,"column":5}},"14":{"start":{"line":34,"column":6},"end":{"line":43,"column":8}},"15":{"start":{"line":36,"column":55},"end":{"line":36,"column":72}},"16":{"start":{"line":45,"column":4},"end":{"line":45,"column":16}},"17":{"start":{"line":48,"column":2},"end":{"line":91,"column":4}}},"fnMap":{"0":{"name":"(anonymous_0)","decl":{"start":{"line":14,"column":17},"end":{"line":14,"column":18}},"loc":{"start":{"line":14,"column":69},"end":{"line":92,"column":1}},"line":14},"1":{"name":"(anonymous_1)","decl":{"start":{"line":19,"column":12},"end":{"line":19,"column":13}},"loc":{"start":{"line":19,"column":18},"end":{"line":21,"column":3}},"line":19},"2":{"name":"(anonymous_2)","decl":{"start":{"line":20,"column":31},"end":{"line":20,"column":32}},"loc":{"start":{"line":20,"column":41},"end":{"line":20,"column":56}},"line":20},"3":{"name":"(anonymous_3)","decl":{"start":{"line":23,"column":23},"end":{"line":23,"column":24}},"loc":{"start":{"line":23,"column":29},"end":{"line":25,"column":3}},"line":23},"4":{"name":"(anonymous_4)","decl":{"start":{"line":27,"column":34},"end":{"line":27,"column":35}},"loc":{"start":{"line":27,"column":40},"end":{"line":30,"column":3}},"line":27},"5":{"name":"(anonymous_5)","decl":{"start":{"line":32,"column":34},"end":{"line":32,"column":35}},"loc":{"start":{"line":32,"column":40},"end":{"line":46,"column":3}},"line":32},"6":{"name":"(anonymous_6)","decl":{"start":{"line":36,"column":49},"end":{"line":36,"column":50}},"loc":{"start":{"line":36,"column":55},"end":{"line":36,"column":72}},"line":36}},"branchMap":{"0":{"loc":{"start":{"line":33,"column":4},"end":{"line":44,"column":5}},"type":"if","locations":[{"start":{"line":33,"column":4},"end":{"line":44,"column":5}},{"start":{},"end":{}}],"line":33},"1":{"loc":{"start":{"line":33,"column":8},"end":{"line":33,"column":76}},"type":"binary-expr","locations":[{"start":{"line":33,"column":8},"end":{"line":33,"column":19}},{"start":{"line":33,"column":23},"end":{"line":33,"column":34}},{"start":{"line":33,"column":38},"end":{"line":33,"column":76}}],"line":33},"2":{"loc":{"start":{"line":50,"column":7},"end":{"line":89,"column":7}},"type":"cond-expr","locations":[{"start":{"line":51,"column":8},"end":{"line":56,"column":10}},{"start":{"line":58,"column":8},"end":{"line":88,"column":9}}],"line":50},"3":{"loc":{"start":{"line":58,"column":8},"end":{"line":88,"column":9}},"type":"binary-expr","locations":[{"start":{"line":58,"column":8},"end":{"line":58,"column":19}},{"start":{"line":59,"column":10},"end":{"line":87,"column":16}}],"line":58}},"s":{"0":3,"1":4,"2":4,"3":4,"4":4,"5":2,"6":1,"7":4,"8":0,"9":4,"10":0,"11":0,"12":4,"13":1,"14":0,"15":0,"16":1,"17":4},"f":{"0":4,"1":2,"2":1,"3":0,"4":0,"5":1,"6":0},"b":{"0":[0,1],"1":[1,0,0],"2":[0,4],"3":[4,1]},"_coverageSchema":"1a1c01bbd47fc00a2c39e90264f33305004495a9","hash":"87c4f7b43371d05d84da6183e8a3e5e0ad79b7af"}
,"/Users/learnacademy/Desktop/Capstone/frontend/src/pages/Home.js": {"path":"/Users/learnacademy/Desktop/Capstone/frontend/src/pages/Home.js","statementMap":{"0":{"start":{"line":5,"column":13},"end":{"line":34,"column":1}},"1":{"start":{"line":6,"column":19},"end":{"line":6,"column":32}},"2":{"start":{"line":8,"column":23},"end":{"line":10,"column":3}},"3":{"start":{"line":9,"column":4},"end":{"line":9,"column":68}},"4":{"start":{"line":13,"column":2},"end":{"line":33,"column":4}}},"fnMap":{"0":{"name":"(anonymous_0)","decl":{"start":{"line":5,"column":13},"end":{"line":5,"column":14}},"loc":{"start":{"line":5,"column":19},"end":{"line":34,"column":1}},"line":5},"1":{"name":"(anonymous_1)","decl":{"start":{"line":8,"column":23},"end":{"line":8,"column":24}},"loc":{"start":{"line":8,"column":39},"end":{"line":10,"column":3}},"line":8}},"branchMap":{},"s":{"0":3,"1":6,"2":6,"3":0,"4":6},"f":{"0":6,"1":0},"b":{},"_coverageSchema":"1a1c01bbd47fc00a2c39e90264f33305004495a9","hash":"d445717c1a54808daa6b676bbc170319aab30519"}
,"/Users/learnacademy/Desktop/Capstone/frontend/src/pages/Jess.js": {"path":"/Users/learnacademy/Desktop/Capstone/frontend/src/pages/Jess.js","statementMap":{"0":{"start":{"line":15,"column":13},"end":{"line":131,"column":1}},"1":{"start":{"line":16,"column":2},"end":{"line":130,"column":4}}},"fnMap":{"0":{"name":"(anonymous_0)","decl":{"start":{"line":15,"column":13},"end":{"line":15,"column":14}},"loc":{"start":{"line":15,"column":19},"end":{"line":131,"column":1}},"line":15}},"branchMap":{},"s":{"0":3,"1":1},"f":{"0":1},"b":{},"_coverageSchema":"1a1c01bbd47fc00a2c39e90264f33305004495a9","hash":"ae42b4bc300e410c8db9ad748479484cc6c08a80"}
,"/Users/learnacademy/Desktop/Capstone/frontend/src/pages/LogIn.js": {"path":"/Users/learnacademy/Desktop/Capstone/frontend/src/pages/LogIn.js","statementMap":{"0":{"start":{"line":5,"column":14},"end":{"line":55,"column":1}},"1":{"start":{"line":6,"column":18},"end":{"line":6,"column":26}},"2":{"start":{"line":7,"column":19},"end":{"line":7,"column":32}},"3":{"start":{"line":9,"column":23},"end":{"line":19,"column":3}},"4":{"start":{"line":10,"column":4},"end":{"line":10,"column":23}},"5":{"start":{"line":11,"column":21},"end":{"line":11,"column":50}},"6":{"start":{"line":12,"column":17},"end":{"line":12,"column":45}},"7":{"start":{"line":13,"column":21},"end":{"line":15,"column":5}},"8":{"start":{"line":16,"column":4},"end":{"line":16,"column":20}},"9":{"start":{"line":17,"column":4},"end":{"line":17,"column":18}},"10":{"start":{"line":18,"column":4},"end":{"line":18,"column":21}},"11":{"start":{"line":21,"column":2},"end":{"line":54,"column":4}}},"fnMap":{"0":{"name":"(anonymous_0)","decl":{"start":{"line":5,"column":14},"end":{"line":5,"column":15}},"loc":{"start":{"line":5,"column":29},"end":{"line":55,"column":1}},"line":5},"1":{"name":"(anonymous_1)","decl":{"start":{"line":9,"column":23},"end":{"line":9,"column":24}},"loc":{"start":{"line":9,"column":30},"end":{"line":19,"column":3}},"line":9}},"branchMap":{},"s":{"0":3,"1":1,"2":1,"3":1,"4":1,"5":1,"6":1,"7":1,"8":1,"9":1,"10":1,"11":1},"f":{"0":1,"1":1},"b":{},"_coverageSchema":"1a1c01bbd47fc00a2c39e90264f33305004495a9","hash":"1e47addb1b83825e6a34971f9b359bb973260eae"}
,"/Users/learnacademy/Desktop/Capstone/frontend/src/pages/NotFound.js": {"path":"/Users/learnacademy/Desktop/Capstone/frontend/src/pages/NotFound.js","statementMap":{"0":{"start":{"line":4,"column":17},"end":{"line":24,"column":1}},"1":{"start":{"line":5,"column":28},"end":{"line":5,"column":39}},"2":{"start":{"line":6,"column":34},"end":{"line":6,"column":49}},"3":{"start":{"line":8,"column":2},"end":{"line":23,"column":4}}},"fnMap":{"0":{"name":"(anonymous_0)","decl":{"start":{"line":4,"column":17},"end":{"line":4,"column":18}},"loc":{"start":{"line":4,"column":23},"end":{"line":24,"column":1}},"line":4}},"branchMap":{"0":{"loc":{"start":{"line":14,"column":13},"end":{"line":14,"column":36}},"type":"cond-expr","locations":[{"start":{"line":14,"column":24},"end":{"line":14,"column":28}},{"start":{"line":14,"column":31},"end":{"line":14,"column":36}}],"line":14}},"s":{"0":3,"1":2,"2":1,"3":1},"f":{"0":2},"b":{"0":[0,1]},"_coverageSchema":"1a1c01bbd47fc00a2c39e90264f33305004495a9","hash":"1e8f81d4426d32e2bf8307cc5ef9b22fc2e79112"}
,"/Users/learnacademy/Desktop/Capstone/frontend/src/pages/SignUp.js": {"path":"/Users/learnacademy/Desktop/Capstone/frontend/src/pages/SignUp.js","statementMap":{"0":{"start":{"line":5,"column":15},"end":{"line":58,"column":1}},"1":{"start":{"line":6,"column":18},"end":{"line":6,"column":26}},"2":{"start":{"line":7,"column":19},"end":{"line":7,"column":32}},"3":{"start":{"line":9,"column":23},"end":{"line":19,"column":3}},"4":{"start":{"line":10,"column":4},"end":{"line":10,"column":23}},"5":{"start":{"line":11,"column":21},"end":{"line":11,"column":50}},"6":{"start":{"line":12,"column":17},"end":{"line":12,"column":45}},"7":{"start":{"line":13,"column":21},"end":{"line":15,"column":5}},"8":{"start":{"line":16,"column":4},"end":{"line":16,"column":21}},"9":{"start":{"line":17,"column":4},"end":{"line":17,"column":18}},"10":{"start":{"line":18,"column":4},"end":{"line":18,"column":21}},"11":{"start":{"line":20,"column":2},"end":{"line":57,"column":4}}},"fnMap":{"0":{"name":"(anonymous_0)","decl":{"start":{"line":5,"column":15},"end":{"line":5,"column":16}},"loc":{"start":{"line":5,"column":31},"end":{"line":58,"column":1}},"line":5},"1":{"name":"(anonymous_1)","decl":{"start":{"line":9,"column":23},"end":{"line":9,"column":24}},"loc":{"start":{"line":9,"column":30},"end":{"line":19,"column":3}},"line":9}},"branchMap":{},"s":{"0":3,"1":6,"2":6,"3":6,"4":1,"5":1,"6":1,"7":1,"8":1,"9":1,"10":1,"11":6},"f":{"0":6,"1":1},"b":{},"_coverageSchema":"1a1c01bbd47fc00a2c39e90264f33305004495a9","hash":"46e33c8c60ce80bf5dc6f290985b8ca96c5ca39f"}
,"/Users/learnacademy/Desktop/Capstone/frontend/src/pages/Vance.js": {"path":"/Users/learnacademy/Desktop/Capstone/frontend/src/pages/Vance.js","statementMap":{"0":{"start":{"line":15,"column":14},"end":{"line":176,"column":1}},"1":{"start":{"line":16,"column":2},"end":{"line":175,"column":4}}},"fnMap":{"0":{"name":"(anonymous_0)","decl":{"start":{"line":15,"column":14},"end":{"line":15,"column":15}},"loc":{"start":{"line":15,"column":20},"end":{"line":176,"column":1}},"line":15}},"branchMap":{},"s":{"0":3,"1":1},"f":{"0":1},"b":{},"_coverageSchema":"1a1c01bbd47fc00a2c39e90264f33305004495a9","hash":"6a9d00b8a56fc382ff84993ebc0282d00ed5b1f4"}
}
