TN:
SF:src/App.js
FN:20,(anonymous_0)
FN:26,(anonymous_1)
FN:37,(anonymous_2)
FN:39,(anonymous_3)
FN:40,(anonymous_4)
FN:43,(anonymous_5)
FN:46,(anonymous_6)
FN:54,(anonymous_7)
FN:55,(anonymous_8)
FN:58,(anonymous_9)
FN:61,(anonymous_10)
FN:69,(anonymous_11)
FN:70,(anonymous_12)
FN:71,(anonymous_13)
FN:76,(anonymous_14)
FN:79,(anonymous_15)
FN:83,(anonymous_16)
FN:85,(anonymous_17)
FN:91,(anonymous_18)
FN:94,(anonymous_19)
FN:103,(anonymous_20)
FN:110,(anonymous_21)
FN:113,(anonymous_22)
FN:116,(anonymous_23)
FN:124,(anonymous_24)
FN:128,(anonymous_25)
FN:131,(anonymous_26)
FN:140,(anonymous_27)
FN:148,(anonymous_28)
FN:151,(anonymous_29)
FNF:30
FNH:3
FNDA:3,(anonymous_0)
FNDA:3,(anonymous_1)
FNDA:3,(anonymous_2)
FNDA:0,(anonymous_3)
FNDA:0,(anonymous_4)
FNDA:0,(anonymous_5)
FNDA:0,(anonymous_6)
FNDA:0,(anonymous_7)
FNDA:0,(anonymous_8)
FNDA:0,(anonymous_9)
FNDA:0,(anonymous_10)
FNDA:0,(anonymous_11)
FNDA:0,(anonymous_12)
FNDA:0,(anonymous_13)
FNDA:0,(anonymous_14)
FNDA:0,(anonymous_15)
FNDA:0,(anonymous_16)
FNDA:0,(anonymous_17)
FNDA:0,(anonymous_18)
FNDA:0,(anonymous_19)
FNDA:0,(anonymous_20)
FNDA:0,(anonymous_21)
FNDA:0,(anonymous_22)
FNDA:0,(anonymous_23)
FNDA:0,(anonymous_24)
FNDA:0,(anonymous_25)
FNDA:0,(anonymous_26)
FNDA:0,(anonymous_27)
FNDA:0,(anonymous_28)
FNDA:0,(anonymous_29)
DA:20,2
DA:21,3
DA:22,3
DA:24,3
DA:26,3
DA:27,3
DA:29,3
DA:30,0
DA:31,0
DA:34,3
DA:37,3
DA:38,3
DA:39,0
DA:41,0
DA:43,0
DA:46,3
DA:47,0
DA:54,0
DA:56,0
DA:58,0
DA:61,3
DA:62,0
DA:69,0
DA:71,0
DA:72,0
DA:74,0
DA:76,0
DA:79,3
DA:80,0
DA:84,0
DA:85,0
DA:86,0
DA:88,0
DA:91,0
DA:94,3
DA:95,0
DA:104,0
DA:105,0
DA:107,0
DA:108,0
DA:111,0
DA:113,0
DA:116,3
DA:117,0
DA:125,0
DA:126,0
DA:128,0
DA:131,3
DA:132,0
DA:141,0
DA:142,0
DA:145,0
DA:146,0
DA:149,0
DA:151,0
DA:154,3
LF:56
LH:17
BRDA:29,0,0,0
BRDA:29,0,1,3
BRDA:72,1,0,0
BRDA:72,1,1,0
BRDA:84,2,0,0
BRDA:84,2,1,0
BRDA:104,3,0,0
BRDA:104,3,1,0
BRDA:141,4,0,0
BRDA:141,4,1,0
BRF:10
BRH:1
end_of_record
TN:
SF:src/mockGames.js
FNF:0
FNH:0
DA:1,1
LF:1
LH:1
BRF:0
BRH:0
end_of_record
TN:
SF:src/mockUsers.js
FNF:0
FNH:0
DA:1,1
LF:1
LH:1
BRF:0
BRH:0
end_of_record
TN:
SF:src/components/Footer.js
FN:5,(anonymous_0)
FNF:1
FNH:1
FNDA:2,(anonymous_0)
DA:5,3
DA:6,2
LF:2
LH:2
BRF:0
BRH:0
end_of_record
TN:
SF:src/components/Header.js
FN:4,(anonymous_0)
FN:8,(anonymous_1)
FN:13,(anonymous_2)
FN:15,(anonymous_3)
FN:17,(anonymous_4)
FN:18,(anonymous_5)
FN:26,(anonymous_6)
FN:31,(anonymous_7)
FNF:8
FNH:5
FNDA:15,(anonymous_0)
FNDA:1,(anonymous_1)
FNDA:0,(anonymous_2)
FNDA:0,(anonymous_3)
FNDA:10,(anonymous_4)
FNDA:0,(anonymous_5)
FNDA:10,(anonymous_6)
FNDA:15,(anonymous_7)
DA:4,4
DA:5,15
DA:6,15
DA:8,15
DA:9,1
DA:10,1
DA:13,15
DA:14,0
DA:15,0
DA:17,15
DA:18,10
DA:19,0
DA:22,10
DA:23,0
DA:26,10
DA:27,10
DA:31,15
DA:32,15
DA:33,2
DA:53,13
DA:70,15
LF:21
LH:17
BRDA:22,0,0,0
BRDA:22,0,1,10
BRDA:32,1,0,2
BRDA:32,1,1,13
BRDA:80,2,0,0
BRDA:80,2,1,15
BRF:6
BRH:4
end_of_record
TN:
SF:src/components/SearchComponent.js
FN:6,(anonymous_0)
FN:12,(anonymous_1)
FN:21,(anonymous_2)
FN:31,(anonymous_3)
FN:35,(anonymous_4)
FN:39,(anonymous_5)
FN:44,(anonymous_6)
FN:57,(anonymous_7)
FN:62,(anonymous_8)
FN:69,(anonymous_9)
FN:94,(anonymous_10)
FN:105,(anonymous_11)
FNF:12
FNH:4
FNDA:17,(anonymous_0)
FNDA:1,(anonymous_1)
FNDA:0,(anonymous_2)
FNDA:0,(anonymous_3)
FNDA:1,(anonymous_4)
FNDA:1,(anonymous_5)
FNDA:0,(anonymous_6)
FNDA:0,(anonymous_7)
FNDA:0,(anonymous_8)
FNDA:0,(anonymous_9)
FNDA:0,(anonymous_10)
FNDA:0,(anonymous_11)
DA:6,5
DA:7,17
DA:8,17
DA:9,17
DA:10,17
DA:12,17
DA:13,1
DA:14,1
DA:15,1
DA:18,0
DA:19,0
DA:21,0
DA:22,0
DA:25,0
DA:27,0
DA:31,17
DA:32,0
DA:35,17
DA:36,1
DA:39,17
DA:40,1
DA:41,1
DA:44,17
DA:45,0
DA:57,17
DA:58,0
DA:60,0
DA:62,0
DA:63,0
DA:64,0
DA:65,0
DA:66,0
DA:69,0
DA:70,0
DA:74,17
DA:95,0
DA:105,0
LF:37
LH:18
BRF:0
BRH:0
end_of_record
TN:
SF:src/pages/AboutUs.js
FN:10,(anonymous_0)
FN:74,(anonymous_1)
FNF:2
FNH:2
FNDA:2,(anonymous_0)
FNDA:6,(anonymous_1)
DA:10,3
DA:11,2
DA:72,2
DA:75,6
LF:4
LH:4
BRDA:127,0,0,6
BRDA:127,0,1,2
BRDA:127,0,2,2
BRDA:137,1,0,6
BRDA:137,1,1,2
BRDA:137,1,2,2
BRF:6
BRH:6
end_of_record
TN:
SF:src/pages/CRod.js
FN:15,(anonymous_0)
FNF:1
FNH:1
FNDA:1,(anonymous_0)
DA:15,3
DA:16,1
LF:2
LH:2
BRF:0
BRH:0
end_of_record
TN:
SF:src/pages/GameEdit.js
FN:5,(anonymous_0)
FN:18,(anonymous_1)
FN:19,(anonymous_2)
FN:25,(anonymous_3)
FN:29,(anonymous_4)
FN:35,(anonymous_5)
FNF:6
FNH:4
FNDA:2,(anonymous_0)
FNDA:1,(anonymous_1)
FNDA:0,(anonymous_2)
FNDA:1,(anonymous_3)
FNDA:1,(anonymous_4)
FNDA:0,(anonymous_5)
DA:5,4
DA:6,2
DA:7,2
DA:9,2
DA:18,2
DA:19,1
DA:20,1
DA:21,0
DA:25,2
DA:26,1
DA:29,2
DA:30,1
DA:31,1
DA:35,2
DA:36,0
DA:37,0
DA:40,2
LF:17
LH:14
BRDA:15,0,0,2
BRDA:15,0,1,0
BRDA:20,1,0,0
BRDA:20,1,1,1
BRDA:20,2,0,1
BRDA:20,2,1,0
BRDA:45,3,0,2
BRDA:45,3,1,0
BRDA:124,4,0,2
BRDA:124,4,1,0
BRF:10
BRH:5
end_of_record
TN:
SF:src/pages/GameIndex.js
FN:6,(anonymous_0)
FN:13,(anonymous_1)
FN:17,(anonymous_2)
FN:23,(anonymous_3)
FN:25,(anonymous_4)
FN:34,(anonymous_5)
FN:38,(anonymous_6)
FN:40,(anonymous_7)
FN:50,(anonymous_8)
FN:76,(anonymous_9)
FN:86,(anonymous_10)
FN:94,(anonymous_11)
FN:105,(anonymous_12)
FNF:13
FNH:5
FNDA:6,(anonymous_0)
FNDA:0,(anonymous_1)
FNDA:3,(anonymous_2)
FNDA:3,(anonymous_3)
FNDA:0,(anonymous_4)
FNDA:6,(anonymous_5)
FNDA:0,(anonymous_6)
FNDA:0,(anonymous_7)
FNDA:0,(anonymous_8)
FNDA:0,(anonymous_9)
FNDA:0,(anonymous_10)
FNDA:0,(anonymous_11)
FNDA:4,(anonymous_12)
DA:6,3
DA:7,6
DA:8,6
DA:9,6
DA:10,6
DA:11,6
DA:13,6
DA:14,0
DA:17,6
DA:18,3
DA:19,3
DA:20,3
DA:23,6
DA:24,3
DA:25,0
DA:26,0
DA:28,0
DA:30,3
DA:34,6
DA:35,6
DA:37,6
DA:38,0
DA:39,6
DA:40,0
DA:43,6
DA:44,0
DA:47,6
DA:50,6
DA:51,0
DA:52,0
DA:53,0
DA:55,0
DA:57,0
DA:58,0
DA:59,0
DA:62,6
DA:64,6
DA:76,0
DA:86,0
DA:94,0
DA:106,4
LF:41
LH:24
BRDA:20,0,0,3
BRDA:20,0,1,3
BRDA:24,1,0,0
BRDA:24,1,1,3
BRDA:37,2,0,0
BRDA:37,2,1,6
BRDA:39,3,0,0
BRDA:39,3,1,6
BRDA:43,4,0,0
BRDA:43,4,1,6
BRDA:96,5,0,0
BRDA:96,5,1,6
BRF:12
BRH:7
end_of_record
TN:
SF:src/pages/GameNew.js
FN:5,(anonymous_0)
FN:19,(anonymous_1)
FN:22,(anonymous_2)
FN:32,(anonymous_3)
FN:33,(anonymous_4)
FN:39,(anonymous_5)
FNF:6
FNH:2
FNDA:1,(anonymous_0)
FNDA:1,(anonymous_1)
FNDA:0,(anonymous_2)
FNDA:0,(anonymous_3)
FNDA:0,(anonymous_4)
FNDA:0,(anonymous_5)
DA:5,3
DA:6,1
DA:7,1
DA:9,1
DA:19,1
DA:20,1
DA:21,0
DA:22,0
DA:32,1
DA:33,0
DA:39,1
DA:40,0
DA:41,0
DA:42,0
DA:43,0
DA:46,1
LF:16
LH:9
BRDA:15,0,0,1
BRDA:15,0,1,1
BRDA:20,1,0,0
BRDA:20,1,1,1
BRDA:20,2,0,1
BRDA:20,2,1,0
BRDA:24,3,0,0
BRDA:24,3,1,0
BRDA:25,4,0,0
BRDA:25,4,1,0
BRDA:26,5,0,0
BRDA:26,5,1,0
BRDA:27,6,0,0
BRDA:27,6,1,0
BRDA:41,7,0,0
BRDA:41,7,1,0
BRDA:51,8,0,1
BRDA:51,8,1,0
BRDA:131,9,0,1
BRDA:131,9,1,1
BRF:20
BRH:7
end_of_record
TN:
SF:src/pages/GameProtectedIndex.js
FN:5,(anonymous_0)
FN:7,(anonymous_1)
FN:8,(anonymous_2)
FN:18,(anonymous_3)
FNF:4
FNH:4
FNDA:1,(anonymous_0)
FNDA:3,(anonymous_1)
FNDA:3,(anonymous_2)
FNDA:2,(anonymous_3)
DA:5,3
DA:6,1
DA:7,3
DA:8,3
DA:9,1
DA:11,1
DA:19,2
LF:7
LH:7
BRDA:9,0,0,1
BRDA:9,0,1,0
BRDA:9,0,2,0
BRDA:16,1,0,1
BRDA:16,1,1,1
BRF:5
BRH:3
end_of_record
TN:
SF:src/pages/GameShow.js
FN:14,(anonymous_0)
FN:19,(anonymous_1)
FN:20,(anonymous_2)
FN:23,(anonymous_3)
FN:27,(anonymous_4)
FN:32,(anonymous_5)
FN:36,(anonymous_6)
FNF:7
FNH:4
FNDA:4,(anonymous_0)
FNDA:2,(anonymous_1)
FNDA:1,(anonymous_2)
FNDA:0,(anonymous_3)
FNDA:0,(anonymous_4)
FNDA:1,(anonymous_5)
FNDA:0,(anonymous_6)
DA:14,3
DA:15,4
DA:16,4
DA:17,4
DA:19,4
DA:20,2
DA:23,4
DA:24,0
DA:27,4
DA:28,0
DA:29,0
DA:32,4
DA:33,1
DA:34,0
DA:36,0
DA:45,1
DA:48,4
LF:17
LH:12
BRDA:33,0,0,0
BRDA:33,0,1,1
BRDA:33,1,0,1
BRDA:33,1,1,0
BRDA:33,1,2,0
BRDA:50,2,0,0
BRDA:50,2,1,4
BRDA:58,3,0,4
BRDA:58,3,1,1
BRF:9
BRH:5
end_of_record
TN:
SF:src/pages/Home.js
FN:5,(anonymous_0)
FN:8,(anonymous_1)
FNF:2
FNH:1
FNDA:6,(anonymous_0)
FNDA:0,(anonymous_1)
DA:5,3
DA:6,6
DA:8,6
DA:9,0
DA:13,6
LF:5
LH:4
BRF:0
BRH:0
end_of_record
TN:
SF:src/pages/Jess.js
FN:15,(anonymous_0)
FNF:1
FNH:1
FNDA:1,(anonymous_0)
DA:15,3
DA:16,1
LF:2
LH:2
BRF:0
BRH:0
end_of_record
TN:
SF:src/pages/LogIn.js
FN:5,(anonymous_0)
FN:9,(anonymous_1)
FNF:2
FNH:2
FNDA:1,(anonymous_0)
FNDA:1,(anonymous_1)
DA:5,3
DA:6,1
DA:7,1
DA:9,1
DA:10,1
DA:11,1
DA:12,1
DA:13,1
DA:16,1
DA:17,1
DA:18,1
DA:21,1
LF:12
LH:12
BRF:0
BRH:0
end_of_record
TN:
SF:src/pages/NotFound.js
FN:4,(anonymous_0)
FNF:1
FNH:1
FNDA:2,(anonymous_0)
DA:4,3
DA:5,2
DA:6,1
DA:8,1
LF:4
LH:4
BRDA:14,0,0,0
BRDA:14,0,1,1
BRF:2
BRH:1
end_of_record
TN:
SF:src/pages/SignUp.js
FN:5,(anonymous_0)
FN:9,(anonymous_1)
FNF:2
FNH:2
FNDA:6,(anonymous_0)
FNDA:1,(anonymous_1)
DA:5,3
DA:6,6
DA:7,6
DA:9,6
DA:10,1
DA:11,1
DA:12,1
DA:13,1
DA:16,1
DA:17,1
DA:18,1
DA:20,6
LF:12
LH:12
BRF:0
BRH:0
end_of_record
TN:
SF:src/pages/Vance.js
FN:15,(anonymous_0)
FNF:1
FNH:1
FNDA:1,(anonymous_0)
DA:15,3
DA:16,1
LF:2
LH:2
BRF:0
BRH:0
end_of_record
